C51 COMPILER V9.60.0.0   EEPROM                                                            04/26/2022 10:05:55 PAGE 1   


C51 COMPILER V9.60.0.0, COMPILATION OF MODULE EEPROM
OBJECT MODULE PLACED IN .\Objects\eeprom.obj
COMPILER INVOKED BY: D:\keil\C51\BIN\C51.EXE ..\Driver\eeprom.c OPTIMIZE(8,SPEED) BROWSE INCDIR(..\Driver;..\Include;..\
                    -User) DEBUG OBJECTEXTEND PRINT(.\Listings\eeprom.lst) TABS(2) OBJECT(.\Objects\eeprom.obj)

line level    source

   1          #include "config.h"
   2          #include "iic.h"
   3          
   4          void E2Read(unsigned char *buf, unsigned char addr, unsigned char len)
   5          {
   6   1          do {                       //用寻址操作查询当前是否可进行读写操作
   7   2              I2CStart();
   8   2              if (I2CWrite(0x50<<1)) //应答则跳出循环，非应答则进行下一次查询
   9   2              {
  10   3                  break;
  11   3              }
  12   2              I2CStop();
  13   2          } while(1);
  14   1          I2CWrite(addr);            //写入起始地址
  15   1          I2CStart();                //发送重复启动信号
  16   1          I2CWrite((0x50<<1)|0x01);  //寻址器件，后续为读操作
  17   1          while (len > 1)            //连续读取len-1个字节
  18   1          {
  19   2              *buf++ = I2CReadACK(); //最后字节之前为读取操作+应答
  20   2              len--;
  21   2          }
  22   1          *buf = I2CReadNAK();       //最后一个字节为读取操作+非应答
  23   1          I2CStop();
  24   1      }
  25          /* E2写入函数，buf-源数据指针，addr-E2中的起始地址，len-写入长度 */
  26          void E2Write(unsigned char *buf, unsigned char addr, unsigned char len)
  27          {
  28   1          while (len > 0)
  29   1          {
  30   2              //等待上次写入操作完成
  31   2              do {                       //用寻址操作查询当前是否可进行读写操作
  32   3                  I2CStart();
  33   3                  if (I2CWrite(0x50<<1)) //应答则跳出循环，非应答则进行下一次查询
  34   3                  {
  35   4                      break;
  36   4                  }
  37   3                  I2CStop();
  38   3              } while(1);
  39   2              //按页写模式连续写入字节
  40   2              I2CWrite(addr);           //写入起始地址
  41   2              while (len > 0)
  42   2              {
  43   3                  I2CWrite(*buf++);     //写入一个字节数据
  44   3                  len--;                //待写入长度计数递减
  45   3                  addr++;               //E2地址递增
  46   3                  if ((addr&0x07) == 0) //检查地址是否到达页边界，24C02每页8字节，
  47   3                  {                     //所以检测低3位是否为零即可
  48   4                      break;            //到达页边界时，跳出循环，结束本次写操作
  49   4                  }
  50   3              }
  51   2              I2CStop();
  52   2          }
  53   1      }

C51 COMPILER V9.60.0.0   EEPROM                                                            04/26/2022 10:05:55 PAGE 2   


MODULE INFORMATION:   STATIC OVERLAYABLE
   CODE SIZE        =    175    ----
   CONSTANT SIZE    =   ----    ----
   XDATA SIZE       =   ----    ----
   PDATA SIZE       =   ----    ----
   DATA SIZE        =   ----      10
   IDATA SIZE       =   ----    ----
   BIT SIZE         =   ----    ----
END OF MODULE INFORMATION.


C51 COMPILATION COMPLETE.  0 WARNING(S),  0 ERROR(S)
