C51 COMPILER V9.60.0.0   LCD1602                                                           05/05/2022 14:22:23 PAGE 1   


C51 COMPILER V9.60.0.0, COMPILATION OF MODULE LCD1602
OBJECT MODULE PLACED IN .\Objects\lcd1602.obj
COMPILER INVOKED BY: D:\keil\C51\BIN\C51.EXE ..\Driver\lcd1602.c COMPACT OPTIMIZE(8,SPEED) BROWSE INCDIR(..\Driver;..\In
                    -clude;..\User) DEBUG OBJECTEXTEND PRINT(.\Listings\lcd1602.lst) TABS(2) OBJECT(.\Objects\lcd1602.obj)

line level    source

   1          #include <config.h>
   2          
   3          unsigned char tmpP0;   //暂存P0口的值
   4          bit tmpADDR0;  //暂存LED位选译码地址0的值
   5          bit tmpADDR1;  //暂存LED位选译码地址1的值
   6          
   7          /* 暂停LED动态扫描，暂存相关引脚的值 */
   8          void LedScanPause()
   9          {
  10   1          ENLED = 1;
  11   1          tmpP0 = P0;
  12   1          tmpADDR0 = ADDR0;
  13   1          tmpADDR1 = ADDR1;
  14   1      }
  15          /* 恢复LED动态扫描，恢复相关引脚的值 */
  16          void LedScanContinue()
  17          {
  18   1          ADDR0 = tmpADDR0;
  19   1          ADDR1 = tmpADDR1;
  20   1          P0 = tmpP0;
  21   1          ENLED = 0;
  22   1      }
  23          
  24          void LcdWaitReady()
  25          {
  26   1          unsigned char sta;
  27   1          
  28   1          LCD1602_DB = 0xFF;
  29   1          LCD1602_RS = 0;
  30   1          LCD1602_RW = 1;
  31   1          do {
  32   2              LCD1602_E = 1;
  33   2              sta = LCD1602_DB; //读取状态字
  34   2              LCD1602_E = 0;
  35   2          } while (sta & 0x80); //bit7等于1表示液晶正忙，重复检测直到其等于0为止
  36   1      }
  37          /* 向LCD1602液晶写入一字节命令，cmd-待写入命令值 */
  38          void LcdWriteCmd(unsigned char cmd)
  39          {
  40   1          LedScanPause();
  41   1          LcdWaitReady();
  42   1          LCD1602_RS = 0;
  43   1          LCD1602_RW = 0;
  44   1          LCD1602_DB = cmd;
  45   1          LCD1602_E  = 1;
  46   1          LCD1602_E  = 0;
  47   1          LedScanContinue();
  48   1      }
  49          /* 向LCD1602液晶写入一字节数据，dat-待写入数据值 */
  50          void LcdWriteDat(uint8 dat)
  51          {
  52   1          LedScanPause();
  53   1          LcdWaitReady();
  54   1          LCD1602_RS = 1;
C51 COMPILER V9.60.0.0   LCD1602                                                           05/05/2022 14:22:23 PAGE 2   

  55   1          LCD1602_RW = 0;
  56   1          LCD1602_DB = dat;
  57   1          LCD1602_E  = 1;
  58   1          LCD1602_E  = 0;
  59   1          LedScanContinue();
  60   1      }
  61          /* 清屏 */
  62          void LcdClearScreen()
  63          {
  64   1        LcdWriteCmd(0x01);
  65   1      }
  66          /* 打开光标的闪烁效果 */
  67          void LcdOpenCursor()
  68          {
  69   1        LcdWriteCmd(0x0F);
  70   1      }
  71          /* 关闭光标显示 */
  72          void LcdCloseCursor()
  73          {
  74   1        LcdWriteCmd(0x0C);
  75   1      }
  76          /* 设置显示RAM起始地址，亦即光标位置，(x,y)-对应屏幕上的字符坐标 */
  77          void LcdSetCursor(uint8 x, uint8 y)
  78          {
  79   1          unsigned char addr;
  80   1          
  81   1          if (y == 0)  //由输入的屏幕坐标计算显示RAM的地址
  82   1              addr = 0x00 + x;  //第一行字符地址从0x00起始
  83   1          else
  84   1              addr = 0x40 + x;  //第二行字符地址从0x40起始
  85   1          LcdWriteCmd(addr | 0x80);  //设置RAM地址
  86   1      }
  87          /* 在液晶上显示字符串，(x,y)-对应屏幕上的起始坐标，str-字符串指针 */
  88          void LcdShowStr(uint8 x, uint8 y, uint8 *str)
  89          {
  90   1          LcdSetCursor(x, y);   //设置起始地址
  91   1          while (*str != '\0')  //连续写入字符串数据，直到检测到结束符
  92   1          {
  93   2              LcdWriteDat(*str++);
  94   2          }
  95   1      }
  96          /* 在液晶上显示一个字符，(x,y)-对应屏幕上的起始坐标，chr-字符ASCII码 */
  97          void LcdShowChar(uint8 x, uint8 y, uint8 chr)
  98          {
  99   1          LcdSetCursor(x, y);  //设置起始地址
 100   1          LcdWriteDat(chr);    //写入ASCII字符
 101   1      }
 102          /* 初始化1602液晶 */
 103          void InitLcd1602()
 104          {
 105   1          LcdWriteCmd(0x38);  //16*2显示，5*7点阵，8位数据接口
 106   1          LcdWriteCmd(0x0C);  //显示器开，光标关闭
 107   1          LcdWriteCmd(0x06);  //文字不动，地址自动+1
 108   1          LcdWriteCmd(0x01);  //清屏
 109   1      }


MODULE INFORMATION:   STATIC OVERLAYABLE
   CODE SIZE        =    212    ----
   CONSTANT SIZE    =   ----    ----
   XDATA SIZE       =   ----    ----
   PDATA SIZE       =      1       3
C51 COMPILER V9.60.0.0   LCD1602                                                           05/05/2022 14:22:23 PAGE 3   

   DATA SIZE        =   ----    ----
   IDATA SIZE       =   ----    ----
   BIT SIZE         =      2    ----
END OF MODULE INFORMATION.


C51 COMPILATION COMPLETE.  0 WARNING(S),  0 ERROR(S)
