C51 COMPILER V9.60.0.0   LED                                                               05/05/2022 14:22:22 PAGE 1   


C51 COMPILER V9.60.0.0, COMPILATION OF MODULE LED
OBJECT MODULE PLACED IN .\Objects\led.obj
COMPILER INVOKED BY: D:\keil\C51\BIN\C51.EXE ..\Driver\led.c COMPACT OPTIMIZE(8,SPEED) BROWSE INCDIR(..\Driver;..\Includ
                    -e;..\User) DEBUG OBJECTEXTEND PRINT(.\Listings\led.lst) TABS(2) OBJECT(.\Objects\led.obj)

line level    source

   1          #include "config.h"
   2          
   3          unsigned char led = 0xfe;
   4          
   5          void LEDworking()
   6          {
   7   1        ADDR0 = 0;
   8   1        ADDR1 = 1;
   9   1        ADDR2 = 1;
  10   1        ADDR3 = 1;
  11   1        ENLED = 0;
  12   1        led = ~led | 0xfe;
  13   1        P0 = led;
  14   1      }
  15          
  16          void LEDnoworking()
  17          {
  18   1        ADDR0 = 0;
  19   1        ADDR1 = 1;
  20   1        ADDR2 = 1;
  21   1        ADDR3 = 1;
  22   1        ENLED = 0;
  23   1        P0 = 0xFF;
  24   1      }


MODULE INFORMATION:   STATIC OVERLAYABLE
   CODE SIZE        =     34    ----
   CONSTANT SIZE    =   ----    ----
   XDATA SIZE       =   ----    ----
   PDATA SIZE       =      1    ----
   DATA SIZE        =   ----    ----
   IDATA SIZE       =   ----    ----
   BIT SIZE         =   ----    ----
END OF MODULE INFORMATION.


C51 COMPILATION COMPLETE.  0 WARNING(S),  0 ERROR(S)
